Using pre-set license
Built from '2021.3/staging' branch; Version is '2021.3.20f1 (577897200b8b) revision 5732503'; Using compiler version '192829333'; Build Type 'Release'
OS: 'Windows 10  (10.0.19045) 64bit Education' Language: 'en' Physical Memory: 65398 MB
BatchMode: 1, IsHumanControllingUs: 0, StartBugReporterOnCrash: 0, Is64bit: 1, IsPro: 1

COMMAND LINE ARGUMENTS:
C:\Program Files\DU_Games\2021.3.20f1\Editor\Unity.exe
-adb2
-batchMode
-noUpm
-name
AssetImportWorker0
-projectPath
L:/X-COM/CCP_repo_ART_DU/CCP_Art_DU
-logFile
Logs/AssetImportWorker0.log
-srvPort
49335
Successfully changed project path to: L:/X-COM/CCP_repo_ART_DU/CCP_Art_DU
L:/X-COM/CCP_repo_ART_DU/CCP_Art_DU
[UnityMemory] Configuration Parameters - Can be set up in boot.config
    "memorysetup-bucket-allocator-granularity=16"
    "memorysetup-bucket-allocator-bucket-count=8"
    "memorysetup-bucket-allocator-block-size=33554432"
    "memorysetup-bucket-allocator-block-count=8"
    "memorysetup-main-allocator-block-size=16777216"
    "memorysetup-thread-allocator-block-size=16777216"
    "memorysetup-gfx-main-allocator-block-size=16777216"
    "memorysetup-gfx-thread-allocator-block-size=16777216"
    "memorysetup-cache-allocator-block-size=4194304"
    "memorysetup-typetree-allocator-block-size=2097152"
    "memorysetup-profiler-bucket-allocator-granularity=16"
    "memorysetup-profiler-bucket-allocator-bucket-count=8"
    "memorysetup-profiler-bucket-allocator-block-size=33554432"
    "memorysetup-profiler-bucket-allocator-block-count=8"
    "memorysetup-profiler-allocator-block-size=16777216"
    "memorysetup-profiler-editor-allocator-block-size=1048576"
    "memorysetup-temp-allocator-size-main=16777216"
    "memorysetup-job-temp-allocator-block-size=2097152"
    "memorysetup-job-temp-allocator-block-size-background=1048576"
    "memorysetup-job-temp-allocator-reduction-small-platforms=262144"
    "memorysetup-temp-allocator-size-background-worker=32768"
    "memorysetup-temp-allocator-size-job-worker=262144"
    "memorysetup-temp-allocator-size-preload-manager=33554432"
    "memorysetup-temp-allocator-size-nav-mesh-worker=65536"
    "memorysetup-temp-allocator-size-audio-worker=65536"
    "memorysetup-temp-allocator-size-cloud-worker=32768"
    "memorysetup-temp-allocator-size-gi-baking-worker=262144"
    "memorysetup-temp-allocator-size-gfx=262144"
Player connection [20936] Host "[IP] 192.168.50.162 [Port] 0 [Flags] 2 [Guid] 1359741986 [EditorId] 1359741986 [Version] 1048832 [Id] WindowsEditor(7,DESKTOP-VEUAIO9) [Debug] 1 [PackageName] WindowsEditor [ProjectName] Editor" joined multi-casting on [225.0.0.222:54997]...

Player connection [20936] Host "[IP] 192.168.50.162 [Port] 0 [Flags] 2 [Guid] 1359741986 [EditorId] 1359741986 [Version] 1048832 [Id] WindowsEditor(7,DESKTOP-VEUAIO9) [Debug] 1 [PackageName] WindowsEditor [ProjectName] Editor" joined alternative multi-casting on [225.0.0.222:34997]...

Refreshing native plugins compatible for Editor in 115.65 ms, found 3 plugins.
Preloading 0 native plugins for Editor in 0.00 ms.
Initialize engine version: 2021.3.20f1 (577897200b8b)
[Subsystems] Discovering subsystems at path C:/Program Files/DU_Games/2021.3.20f1/Editor/Data/Resources/UnitySubsystems
[Subsystems] Discovering subsystems at path L:/X-COM/CCP_repo_ART_DU/CCP_Art_DU/Assets
GfxDevice: creating device client; threaded=0; jobified=0
Direct3D:
    Version:  Direct3D 11.0 [level 11.1]
    Renderer: NVIDIA GeForce GTX 1070 (ID=0x1b81)
    Vendor:   NVIDIA
    VRAM:     8088 MB
    Driver:   31.0.15.1694
Initialize mono
Mono path[0] = 'C:/Program Files/DU_Games/2021.3.20f1/Editor/Data/Managed'
Mono path[1] = 'C:/Program Files/DU_Games/2021.3.20f1/Editor/Data/MonoBleedingEdge/lib/mono/unityjit-win32'
Mono config path = 'C:/Program Files/DU_Games/2021.3.20f1/Editor/Data/MonoBleedingEdge/etc'
Using monoOptions --debugger-agent=transport=dt_socket,embedding=1,server=y,suspend=n,address=127.0.0.1:56676
Begin MonoManager ReloadAssembly
Registering precompiled unity dll's ...
Register platform support module: C:/Program Files/DU_Games/2021.3.20f1/Editor/Data/PlaybackEngines/AndroidPlayer/UnityEditor.Android.Extensions.dll
Register platform support module: C:/Program Files/DU_Games/2021.3.20f1/Editor/Data/PlaybackEngines/iOSSupport/UnityEditor.iOS.Extensions.dll
Register platform support module: C:/Program Files/DU_Games/2021.3.20f1/Editor/Data/PlaybackEngines/WindowsStandaloneSupport/UnityEditor.WindowsStandalone.Extensions.dll
Registered in 0.008466 seconds.
Native extension for WindowsStandalone target not found
[usbmuxd] Start listen thread
[usbmuxd] Listen thread started
[usbmuxd] Send listen message
Native extension for iOS target not found
Native extension for Android target not found
Android Extension - Scanning For ADB Devices 346 ms
Refreshing native plugins compatible for Editor in 82.00 ms, found 3 plugins.
Preloading 0 native plugins for Editor in 0.00 ms.
Mono: successfully reloaded assembly
- Completed reload, in  1.159 seconds
Domain Reload Profiling:
	ReloadAssembly (1159ms)
		BeginReloadAssembly (116ms)
			ExecutionOrderSort (0ms)
			DisableScriptedObjects (0ms)
			BackupInstance (0ms)
			ReleaseScriptingObjects (0ms)
			CreateAndSetChildDomain (1ms)
		EndReloadAssembly (909ms)
			LoadAssemblies (114ms)
			RebuildTransferFunctionScriptingTraits (0ms)
			SetupTypeCache (149ms)
			ReleaseScriptCaches (0ms)
			RebuildScriptCaches (30ms)
			SetupLoadedEditorAssemblies (663ms)
				LogAssemblyErrors (0ms)
				InitializePlatformSupportModulesInManaged (426ms)
				SetLoadedEditorAssemblies (0ms)
				RefreshPlugins (82ms)
				BeforeProcessingInitializeOnLoad (2ms)
				ProcessInitializeOnLoadAttributes (95ms)
				ProcessInitializeOnLoadMethodAttributes (58ms)
				AfterProcessingInitializeOnLoad (0ms)
				EditorAssembliesLoaded (0ms)
			ExecutionOrderSort2 (0ms)
			AwakeInstancesAfterBackupRestoration (0ms)
Platform modules already initialized, skipping
Registering precompiled user dll's ...
Registered in 0.005122 seconds.
Begin MonoManager ReloadAssembly
Symbol file LoadedFromMemory doesn't match image L:\X-COM\CCP_repo_ART_DU\CCP_Art_DU\Library\PackageCache\com.unity.visualscripting@1.8.0\Editor\VisualScripting.Core\Dependencies\YamlDotNet\Unity.VisualScripting.YamlDotNet.dll
Symbol file LoadedFromMemory doesn't match image L:\X-COM\CCP_repo_ART_DU\CCP_Art_DU\Library\PackageCache\com.unity.visualscripting@1.8.0\Editor\VisualScripting.Core\Dependencies\DotNetZip\Unity.VisualScripting.IonicZip.dll
Native extension for WindowsStandalone target not found
Native extension for iOS target not found
Native extension for Android target not found
Refreshing native plugins compatible for Editor in 0.71 ms, found 3 plugins.
Preloading 0 native plugins for Editor in 0.00 ms.
Mono: successfully reloaded assembly
- Completed reload, in  1.315 seconds
Domain Reload Profiling:
	ReloadAssembly (1316ms)
		BeginReloadAssembly (127ms)
			ExecutionOrderSort (0ms)
			DisableScriptedObjects (7ms)
			BackupInstance (0ms)
			ReleaseScriptingObjects (0ms)
			CreateAndSetChildDomain (23ms)
		EndReloadAssembly (1059ms)
			LoadAssemblies (96ms)
			RebuildTransferFunctionScriptingTraits (0ms)
			SetupTypeCache (290ms)
			ReleaseScriptCaches (1ms)
			RebuildScriptCaches (52ms)
			SetupLoadedEditorAssemblies (577ms)
				LogAssemblyErrors (0ms)
				InitializePlatformSupportModulesInManaged (33ms)
				SetLoadedEditorAssemblies (1ms)
				RefreshPlugins (1ms)
				BeforeProcessingInitializeOnLoad (97ms)
				ProcessInitializeOnLoadAttributes (409ms)
				ProcessInitializeOnLoadMethodAttributes (26ms)
				AfterProcessingInitializeOnLoad (11ms)
				EditorAssembliesLoaded (0ms)
			ExecutionOrderSort2 (0ms)
			AwakeInstancesAfterBackupRestoration (12ms)
Platform modules already initialized, skipping
========================================================================
Worker process is ready to serve import requests
Launched and connected shader compiler UnityShaderCompiler.exe after 0.05 seconds
Refreshing native plugins compatible for Editor in 0.71 ms, found 3 plugins.
Preloading 0 native plugins for Editor in 0.00 ms.
Unloading 3047 Unused Serialized files (Serialized files now loaded: 0)
Unloading 24 unused Assets / (113.3 KB). Loaded Objects now: 3509.
Memory consumption went from 107.7 MB to 107.6 MB.
Total: 4.018100 ms (FindLiveObjects: 0.326900 ms CreateObjectMapping: 0.225300 ms MarkObjects: 3.354600 ms  DeleteObjects: 0.110200 ms)

AssetImportParameters requested are different than current active one (requested -> active):
  custom:video-decoder-ogg-theora: a1e56fd34408186e4bbccfd4996cb3dc -> 
  custom:container-muxer-webm: aa71ff27fc2769a1b78a27578f13a17b -> 
  custom:container-demuxer-webm: 4f35f7cbe854078d1ac9338744f61a02 -> 
  custom:video-encoder-webm-vp8: eb34c28f22e8b96e1ab97ce403110664 -> 
  custom:audio-encoder-webm-vorbis: bf7c407c2cedff20999df2af8eb42d56 -> 
  custom:framework-win-MediaFoundation: 216162199b28c13a410421893ffa2e32 -> 
  custom:container-demuxer-ogg: 62fdf1f143b41e24485cea50d1cbac27 -> 
  custom:video-decoder-webm-vp8: 9c59270c3fd7afecdb556c50c9e8de78 -> 
  custom:audio-decoder-ogg-vorbis: bf7c407c2cedff20999df2af8eb42d56 -> 
========================================================================
Received Import Request.
  Time since last request: 1127038.298440 seconds.
  path: Assets/Art/Buildings/Vagon/New Material.mat
  artifactKey: Guid(a1ee950de1129694d9f6ee63650b3d35) Importer(815301076,1909f56bfc062723c751e8b465ee728b)
Start importing Assets/Art/Buildings/Vagon/New Material.mat using Guid(a1ee950de1129694d9f6ee63650b3d35) Importer(815301076,1909f56bfc062723c751e8b465ee728b)  -> (artifact id: '2fec9db6d790f1ace310e21886889868') in 0.153427 seconds 
========================================================================
Received Import Request.
  Time since last request: 3.088850 seconds.
  path: Assets/Art/Buildings/Vagon/Vagon_mat.mat
  artifactKey: Guid(a1ee950de1129694d9f6ee63650b3d35) Importer(815301076,1909f56bfc062723c751e8b465ee728b)
Start importing Assets/Art/Buildings/Vagon/Vagon_mat.mat using Guid(a1ee950de1129694d9f6ee63650b3d35) Importer(815301076,1909f56bfc062723c751e8b465ee728b)  -> (artifact id: '7ae3de4951bfb2f730f1c3e8e2d585bd') in 0.024276 seconds 
========================================================================
Received Import Request.
  Time since last request: 29.849003 seconds.
  path: Assets/Art/Buildings/Vagon/Vagon_Frame_mat.mat
  artifactKey: Guid(a1ee950de1129694d9f6ee63650b3d35) Importer(815301076,1909f56bfc062723c751e8b465ee728b)
Start importing Assets/Art/Buildings/Vagon/Vagon_Frame_mat.mat using Guid(a1ee950de1129694d9f6ee63650b3d35) Importer(815301076,1909f56bfc062723c751e8b465ee728b)  -> (artifact id: 'af9919f1ca1a6a85bb981caecc06ea9d') in 0.022958 seconds 
========================================================================
Received Import Request.
  Time since last request: 1509.154114 seconds.
  path: Assets/Art/Buildings/Vagon/Vagon_Frame_D.png
  artifactKey: Guid(1431e871bbebed146a9fcda0673779d8) Importer(815301076,1909f56bfc062723c751e8b465ee728b)
Start importing Assets/Art/Buildings/Vagon/Vagon_Frame_D.png using Guid(1431e871bbebed146a9fcda0673779d8) Importer(815301076,1909f56bfc062723c751e8b465ee728b)  -> (artifact id: 'f051aead082bc761601863dcd03286e5') in 0.032049 seconds 
========================================================================
Received Import Request.
  Time since last request: 0.000031 seconds.
  path: Assets/Art/Buildings/Vagon/Vagon_Wood_N.png
  artifactKey: Guid(6b9b618047726294688c263b9f628ac8) Importer(815301076,1909f56bfc062723c751e8b465ee728b)
Start importing Assets/Art/Buildings/Vagon/Vagon_Wood_N.png using Guid(6b9b618047726294688c263b9f628ac8) Importer(815301076,1909f56bfc062723c751e8b465ee728b)  -> (artifact id: '272505b3900634601e63faf08a80fcc5') in 0.022287 seconds 
========================================================================
Received Import Request.
  Time since last request: 0.000035 seconds.
  path: Assets/Art/Buildings/Vagon/Vagon_Wood_M.png
  artifactKey: Guid(5dfb1d561ffde9b4e924005dd9a983db) Importer(815301076,1909f56bfc062723c751e8b465ee728b)
Start importing Assets/Art/Buildings/Vagon/Vagon_Wood_M.png using Guid(5dfb1d561ffde9b4e924005dd9a983db) Importer(815301076,1909f56bfc062723c751e8b465ee728b)  -> (artifact id: 'dce0bb4d9216f0d33602789856b7fc19') in 0.028230 seconds 
========================================================================
Received Import Request.
  Time since last request: 0.000022 seconds.
  path: Assets/Art/Buildings/Vagon/Vagon_Wood_D.png
  artifactKey: Guid(06ec8c3be85999c4f8240a4a5e836739) Importer(815301076,1909f56bfc062723c751e8b465ee728b)
Start importing Assets/Art/Buildings/Vagon/Vagon_Wood_D.png using Guid(06ec8c3be85999c4f8240a4a5e836739) Importer(815301076,1909f56bfc062723c751e8b465ee728b)  -> (artifact id: 'f2fb2964639d4dda56ead97d2f94be28') in 0.017436 seconds 
========================================================================
Received Import Request.
  Time since last request: 16.516959 seconds.
  path: Assets/Art/Buildings/Vagon/Vagon_Frame_m_N.png
  artifactKey: Guid(20daa81b779e9ff4c84a838a549a5540) Importer(815301076,1909f56bfc062723c751e8b465ee728b)
Start importing Assets/Art/Buildings/Vagon/Vagon_Frame_m_N.png using Guid(20daa81b779e9ff4c84a838a549a5540) Importer(815301076,1909f56bfc062723c751e8b465ee728b)  -> (artifact id: '1376186f9ec0d033c27556eed8d06dbb') in 0.014895 seconds 
========================================================================
Received Import Request.
  Time since last request: 514.700260 seconds.
  path: Assets/Art/Buildings/Vagon/Vagon_Frame_m_N 1.png
  artifactKey: Guid(018ebb51f6b7b8a4093dfe639a8c3437) Importer(815301076,1909f56bfc062723c751e8b465ee728b)
Start importing Assets/Art/Buildings/Vagon/Vagon_Frame_m_N 1.png using Guid(018ebb51f6b7b8a4093dfe639a8c3437) Importer(815301076,1909f56bfc062723c751e8b465ee728b)  -> (artifact id: 'c00096e2506c1a0ceb7c90f36fdc94e8') in 0.022204 seconds 
========================================================================
Received Import Request.
  Time since last request: 8.599286 seconds.
  path: Assets/Art/Buildings/Vagon/Vagon_Frame_m_N 1.png
  artifactKey: Guid(018ebb51f6b7b8a4093dfe639a8c3437) Importer(815301076,1909f56bfc062723c751e8b465ee728b)
Start importing Assets/Art/Buildings/Vagon/Vagon_Frame_m_N 1.png using Guid(018ebb51f6b7b8a4093dfe639a8c3437) Importer(815301076,1909f56bfc062723c751e8b465ee728b)  -> (artifact id: '8808e09451db9b497f4c97051e033860') in 0.012901 seconds 
========================================================================
Received Import Request.
  Time since last request: 189.957344 seconds.
  path: Assets/Art/Buildings/Vagon/Vagon_Frame_mat 1.mat
  artifactKey: Guid(84c7efcb1396aaa4ab6a12d09e5edbc3) Importer(815301076,1909f56bfc062723c751e8b465ee728b)
Start importing Assets/Art/Buildings/Vagon/Vagon_Frame_mat 1.mat using Guid(84c7efcb1396aaa4ab6a12d09e5edbc3) Importer(815301076,1909f56bfc062723c751e8b465ee728b)  -> (artifact id: '1e712defae9f6c36655410b853187a3e') in 0.248006 seconds 
========================================================================
Received Import Request.
  Time since last request: 8.449001 seconds.
  path: Assets/Art/Buildings/Vagon/Vagon_Цщщв_mat.mat
  artifactKey: Guid(84c7efcb1396aaa4ab6a12d09e5edbc3) Importer(815301076,1909f56bfc062723c751e8b465ee728b)
Start importing Assets/Art/Buildings/Vagon/Vagon_Цщщв_mat.mat using Guid(84c7efcb1396aaa4ab6a12d09e5edbc3) Importer(815301076,1909f56bfc062723c751e8b465ee728b)  -> (artifact id: 'f12c4f57a2cc8a217d732bdf777016d3') in 0.020876 seconds 
========================================================================
Received Import Request.
  Time since last request: 57.649549 seconds.
  path: Assets/Art/Buildings/Vagon/Vagon_Wood_N.png
  artifactKey: Guid(6b9b618047726294688c263b9f628ac8) Importer(815301076,1909f56bfc062723c751e8b465ee728b)
Start importing Assets/Art/Buildings/Vagon/Vagon_Wood_N.png using Guid(6b9b618047726294688c263b9f628ac8) Importer(815301076,1909f56bfc062723c751e8b465ee728b)  -> (artifact id: 'fe4bb7431ba44297406b61f952ddc4f6') in 0.018213 seconds 
========================================================================
Received Import Request.
  Time since last request: 5.203370 seconds.
  path: Assets/Art/Buildings/Vagon/Vagon_Wood_N.png
  artifactKey: Guid(6b9b618047726294688c263b9f628ac8) Importer(815301076,1909f56bfc062723c751e8b465ee728b)
Start importing Assets/Art/Buildings/Vagon/Vagon_Wood_N.png using Guid(6b9b618047726294688c263b9f628ac8) Importer(815301076,1909f56bfc062723c751e8b465ee728b)  -> (artifact id: '81e6bae5dfbc4b5bd0520bf4a7112075') in 0.012584 seconds 
========================================================================
Received Import Request.
  Time since last request: 174.220282 seconds.
  path: Assets/Art/Buildings/Vagon/Vagon_Цщщв_mat.mat
  artifactKey: Guid(84c7efcb1396aaa4ab6a12d09e5edbc3) Importer(815301076,1909f56bfc062723c751e8b465ee728b)
Start importing Assets/Art/Buildings/Vagon/Vagon_Цщщв_mat.mat using Guid(84c7efcb1396aaa4ab6a12d09e5edbc3) Importer(815301076,1909f56bfc062723c751e8b465ee728b)  -> (artifact id: '5683addd28031be1b47fb0a5156eefd2') in 0.018802 seconds 
